<?xml version="1.0" encoding="UTF-8"?>
<testng-results ignored="0" total="1" passed="1" failed="0" skipped="0">
  <reporter-output>
  </reporter-output>
  <suite started-at="2020-12-01T21:44:26 EST" name="Default suite" finished-at="2020-12-01T21:44:26 EST" duration-ms="30">
    <groups>
    </groups>
    <test started-at="2020-12-01T21:44:26 EST" name="Default test" finished-at="2020-12-01T21:44:26 EST" duration-ms="30">
      <class name="Run.NewTestproperties">
        <test-method signature="f()[pri:0, instance:Run.NewTestproperties@7692d9cc]" started-at="2020-12-01T21:44:26 EST" name="f" finished-at="2020-12-01T21:44:26 EST" duration-ms="6" status="PASS">
          <reporter-output>
          </reporter-output>
        </test-method> <!-- f -->
      </class> <!-- Run.NewTestproperties -->
    </test> <!-- Default test -->
  </suite> <!-- Default suite -->
</testng-results>
