<?xml version="1.0" encoding="UTF-8"?>
<!-- Generated by org.testng.reporters.JUnitXMLReporter -->
<testsuite ignored="3" hostname="DESKTOP-8U14D70" failures="0" tests="0" time="0.007" errors="0" timestamp="2020-12-01T20:09:18 EST">
  <testcase classname="Run.Functions" name="g" time="0.0">
    <ignored/>
  </testcase> <!-- g -->
  <testcase classname="Run.Provider" name="f" time="0.0">
    <ignored/>
  </testcase> <!-- f -->
  <testcase classname="Run.Functions" name="f" time="0.0">
    <ignored/>
  </testcase> <!-- f -->
</testsuite>
